<?xml version="1.0" encoding="UTF-8"?>
<testsuite name="com.wordz.domain.WordTest" tests="1" skipped="0" failures="0" errors="0" timestamp="2023-04-17T04:10:31" hostname="DESKTOP-CM59ARO" time="0.184">
  <properties/>
  <testcase name="oneIncorrectLetter()" classname="com.wordz.domain.WordTest" time="0.184"/>
  <system-out><![CDATA[]]></system-out>
  <system-err><![CDATA[]]></system-err>
</testsuite>
